<?xml version="1.0" encoding="UTF-8"?>
<!-- Generated by org.testng.reporters.JUnitReportReporter -->
<testsuite skipped="0" hostname="DESKTOP-EK7LB1N" name="com.naukri.updateProfile.nCloseAllBrowsers" tests="1" failures="0" timestamp="25 Apr 2018 06:14:58 GMT" time="28.100" errors="0">
  <testcase name="closeAllBrowsers" time="28.100" classname="com.naukri.updateProfile.nCloseAllBrowsers"/>
</testsuite> <!-- com.naukri.updateProfile.nCloseAllBrowsers -->
