<?xml version="1.0" encoding="UTF-8"?>
<!-- Generated by org.testng.reporters.JUnitReportReporter -->
<testsuite skipped="0" hostname="DESKTOP-EK7LB1N" name="com.naukri.updateProfile.naukriTest" tests="1" failures="0" timestamp="25 Apr 2018 05:47:41 GMT" time="149.936" errors="0">
  <testcase name="closeAllBrowsers" time="149.936" classname="com.naukri.updateProfile.naukriTest"/>
</testsuite> <!-- com.naukri.updateProfile.naukriTest -->
