<?xml version="1.0" encoding="UTF-8"?>
<!-- Generated by org.testng.reporters.JUnitReportReporter -->
<testsuite skipped="0" hostname="DESKTOP-EK7LB1N" name="com.naukri.updateProfile.nTest" tests="3" failures="0" timestamp="25 Apr 2018 15:38:05 GMT" time="56.036" errors="0">
  <testcase name="openURL" time="12.913" classname="com.naukri.updateProfile.nTest"/>
  <testcase name="closeAllBrowsers" time="0.631" classname="com.naukri.updateProfile.nTest"/>
  <testcase name="selectLogin" time="42.492" classname="com.naukri.updateProfile.nTest"/>
</testsuite> <!-- com.naukri.updateProfile.nTest -->
